<?xml version="1.0" encoding="UTF-8"?>
<!-- Generated by org.testng.reporters.JUnitReportReporter -->
<testsuite hostname="navachetan-PC" failures="0" tests="1" name="Practice_CRUD_With_BDD.CreateResource" time="8.031" errors="0" timestamp="2022-02-10T12:34:49 IST" skipped="0">
  <testcase classname="Practice_CRUD_With_BDD.CreateResource" name="create" time="8.031"/>
  <system-out/>
</testsuite> <!-- Practice_CRUD_With_BDD.CreateResource -->
