<?xml version="1.0" encoding="UTF-8"?>
<!-- Generated by org.testng.reporters.JUnitReportReporter -->
<testsuite hostname="navachetan-PC" failures="0" tests="1" name="practiceTest.AddProjWithInValidStatusTest" time="4.218" errors="0" timestamp="2022-02-13T21:01:01 IST" skipped="0">
  <testcase classname="practiceTest.AddProjWithInValidStatusTest" name="createProj" time="4.218"/>
  <system-out/>
</testsuite> <!-- practiceTest.AddProjWithInValidStatusTest -->
