<?xml version="1.0" encoding="UTF-8"?>
<!-- Generated by org.testng.reporters.JUnitReportReporter -->
<testsuite hostname="navachetan-PC" failures="0" tests="1" name="com.rmgyantra.Tests.UpdateResourseAndVerifyInDBTest" time="3.248" errors="0" timestamp="2022-02-13T17:07:01 IST" skipped="0">
  <testcase classname="com.rmgyantra.Tests.UpdateResourseAndVerifyInDBTest" name="updateAndVerify" time="3.248"/>
  <system-out>
    <![CDATA[TY_PROJ_1004
data verification successful]]>
  </system-out>
</testsuite> <!-- com.rmgyantra.Tests.UpdateResourseAndVerifyInDBTest -->
