<?xml version="1.0" encoding="UTF-8"?>
<!-- Generated by org.testng.reporters.JUnitReportReporter -->
<testsuite hostname="navachetan-PC" failures="0" tests="1" name="waysToPostRequest.CreateAResourceUsingHashmapTest" time="4.097" errors="0" timestamp="2022-02-10T14:56:26 IST" skipped="0">
  <testcase classname="waysToPostRequest.CreateAResourceUsingHashmapTest" name="create" time="4.097"/>
  <system-out/>
</testsuite> <!-- waysToPostRequest.CreateAResourceUsingHashmapTest -->
