<?xml version="1.0" encoding="UTF-8"?>
<!-- Generated by org.testng.reporters.JUnitReportReporter -->
<testsuite hostname="navachetan-PC" failures="0" tests="1" name="Practice_CRUD_With_BDD.GetAllResources" time="4.408" errors="0" timestamp="2022-02-11T13:05:44 IST" skipped="0">
  <testcase classname="Practice_CRUD_With_BDD.GetAllResources" name="getResources" time="4.408"/>
  <system-out/>
</testsuite> <!-- Practice_CRUD_With_BDD.GetAllResources -->
