<?xml version="1.0" encoding="UTF-8"?>
<!-- Generated by org.testng.reporters.JUnitReportReporter -->
<testsuite hostname="navachetan-PC" failures="0" tests="1" name="waysToPostRequest.CreateAResourceUsingJsonFile" time="3.104" errors="0" timestamp="2022-02-10T14:47:45 IST" skipped="0">
  <testcase classname="waysToPostRequest.CreateAResourceUsingJsonFile" name="create" time="3.104"/>
  <system-out/>
</testsuite> <!-- waysToPostRequest.CreateAResourceUsingJsonFile -->
