<?xml version="1.0" encoding="UTF-8"?>
<!-- Generated by org.testng.reporters.JUnitReportReporter -->
<testsuite hostname="navachetan-PC" failures="0" tests="1" name="com.Parameters.QuerryParametertest" time="6.779" errors="0" timestamp="2022-02-11T12:55:17 IST" skipped="0">
  <testcase classname="com.Parameters.QuerryParametertest" name="param" time="6.779"/>
  <system-out/>
</testsuite> <!-- com.Parameters.QuerryParametertest -->
