<?xml version="1.0" encoding="UTF-8"?>
<!-- Generated by org.testng.reporters.JUnitReportReporter -->
<testsuite hostname="navachetan-PC" failures="0" tests="1" name="responseValidation.StaticResponseValidation" time="4.105" errors="0" timestamp="2022-02-10T16:19:39 IST" skipped="0">
  <testcase classname="responseValidation.StaticResponseValidation" name="verify" time="4.105"/>
  <system-out/>
</testsuite> <!-- responseValidation.StaticResponseValidation -->
