<?xml version="1.0" encoding="UTF-8"?>
<!-- Generated by org.testng.reporters.JUnitReportReporter -->
<testsuite hostname="navachetan-PC" failures="0" tests="1" name="Practice_CRUD_Without_BDD.GetAllProject" time="7.733" errors="0" timestamp="2022-02-10T10:58:14 IST" skipped="0">
  <testcase classname="Practice_CRUD_Without_BDD.GetAllProject" name="getAllProjects" time="7.733"/>
  <system-out/>
</testsuite> <!-- Practice_CRUD_Without_BDD.GetAllProject -->
