<?xml version="1.0" encoding="UTF-8"?>
<!-- Generated by org.testng.reporters.JUnitReportReporter -->
<testsuite hostname="navachetan-PC" failures="0" tests="1" name="com.rmgyantra.Tests.CreateResourceAndVerifyInDBTest" time="2.560" errors="0" timestamp="2022-02-13T17:06:31 IST" skipped="0">
  <testcase classname="com.rmgyantra.Tests.CreateResourceAndVerifyInDBTest" name="createResourceAndVerifyInDB" time="2.560"/>
  <system-out>
    <![CDATA[TY_PROJ_1003
data verification successful]]>
  </system-out>
</testsuite> <!-- com.rmgyantra.Tests.CreateResourceAndVerifyInDBTest -->
