<?xml version="1.0" encoding="UTF-8"?>
<!-- Generated by org.testng.reporters.JUnitReportReporter -->
<testsuite hostname="navachetan-PC" failures="0" tests="1" name="waysToPostRequest.CreateAResourceUsingPojo" time="3.327" errors="0" timestamp="2022-02-10T15:06:31 IST" skipped="0">
  <testcase classname="waysToPostRequest.CreateAResourceUsingPojo" name="create" time="3.327"/>
  <system-out/>
</testsuite> <!-- waysToPostRequest.CreateAResourceUsingPojo -->
