<?xml version="1.0" encoding="UTF-8"?>
<!-- Generated by org.testng.reporters.JUnitReportReporter -->
<testsuite hostname="navachetan-PC" failures="0" tests="1" name="practiceTest.CreateEmpGetOnlyDatEmpDetailsTest" time="8.541" errors="0" timestamp="2022-02-13T20:33:17 IST" skipped="0">
  <testcase classname="practiceTest.CreateEmpGetOnlyDatEmpDetailsTest" name="createEmp" time="8.541"/>
  <system-out/>
</testsuite> <!-- practiceTest.CreateEmpGetOnlyDatEmpDetailsTest -->
