<?xml version="1.0" encoding="UTF-8"?>
<!-- Generated by org.testng.reporters.JUnitReportReporter -->
<testsuite hostname="navachetan-PC" failures="0" tests="1" name="practiceTest.CreateProjAndAllocateToEmpTest" time="10.396" errors="0" timestamp="2022-02-13T20:27:05 IST" skipped="0">
  <testcase classname="practiceTest.CreateProjAndAllocateToEmpTest" name="createProjAndAllocateToEmp" time="10.396"/>
  <system-out/>
</testsuite> <!-- practiceTest.CreateProjAndAllocateToEmpTest -->
