<?xml version="1.0" encoding="UTF-8"?>
<!-- Generated by org.testng.reporters.JUnitReportReporter -->
<testsuite hostname="navachetan-PC" failures="0" tests="1" name="com.Requestchaining.RequestChaningPostAndDeleteTest" time="8.734" errors="0" timestamp="2022-02-11T14:47:55 IST" skipped="0">
  <testcase classname="com.Requestchaining.RequestChaningPostAndDeleteTest" name="postAndDelete" time="8.734"/>
  <system-out/>
</testsuite> <!-- com.Requestchaining.RequestChaningPostAndDeleteTest -->
