<?xml version="1.0" encoding="UTF-8"?>
<!-- Generated by org.testng.reporters.JUnitReportReporter -->
<testsuite hostname="navachetan-PC" failures="0" tests="2" name="com.Authentcation.PreemptiveAuthTest" time="5.371" errors="0" timestamp="2022-02-11T16:46:14 IST" skipped="0">
  <testcase classname="com.Authentcation.PreemptiveAuthTest" name="preemptiveAuth" time="0.364"/>
  <system-out/>
  <testcase classname="com.Authentcation.PreemptiveAuthTest" name="digestiveAuth" time="5.007"/>
  <system-out/>
</testsuite> <!-- com.Authentcation.PreemptiveAuthTest -->
