<?xml version="1.0" encoding="UTF-8"?>
<!-- Generated by org.testng.reporters.JUnitReportReporter -->
<testsuite hostname="navachetan-PC" failures="0" tests="1" name="Practice_CRUD_Without_BDD.UpdateProject" time="6.849" errors="0" timestamp="2022-02-10T11:08:57 IST" skipped="0">
  <testcase classname="Practice_CRUD_Without_BDD.UpdateProject" name="updateProject" time="6.849"/>
  <system-out/>
</testsuite> <!-- Practice_CRUD_Without_BDD.UpdateProject -->
