<?xml version="1.0" encoding="UTF-8"?>
<!-- Generated by org.testng.reporters.JUnitReportReporter -->
<testsuite hostname="navachetan-PC" failures="0" tests="2" name="responseValidation.VerifyResponseTmeUsingHamcrestTest" time="7.406" errors="0" timestamp="2022-02-11T07:52:23 IST" skipped="0">
  <testcase classname="responseValidation.VerifyResponseTmeUsingHamcrestTest" name="create" time="0.481"/>
  <system-out/>
  <testcase classname="responseValidation.VerifyResponseTmeUsingHamcrestTest" name="create" time="6.925"/>
  <system-out/>
</testsuite> <!-- responseValidation.VerifyResponseTmeUsingHamcrestTest -->
