<?xml version="1.0" encoding="UTF-8"?>
<!-- Generated by org.testng.reporters.JUnitReportReporter -->
<testsuite hostname="navachetan-PC" failures="0" tests="1" name="com.Authentcation.Auth2_Test" time="6.463" errors="0" timestamp="2022-02-11T17:30:01 IST" skipped="0">
  <testcase classname="com.Authentcation.Auth2_Test" name="oauths" time="6.463"/>
  <system-out/>
</testsuite> <!-- com.Authentcation.Auth2_Test -->
