<?xml version="1.0" encoding="UTF-8"?>
<!-- Generated by org.testng.reporters.JUnitReportReporter -->
<testsuite hostname="navachetan-PC" failures="0" tests="1" name="com.Requestchaining.RequestChainingTest" time="6.451" errors="0" timestamp="2022-02-11T13:12:12 IST" skipped="0">
  <testcase classname="com.Requestchaining.RequestChainingTest" name="chaining" time="6.451"/>
  <system-out/>
</testsuite> <!-- com.Requestchaining.RequestChainingTest -->
