<?xml version="1.0" encoding="UTF-8"?>
<!-- Generated by org.testng.reporters.JUnitReportReporter -->
<testsuite hostname="navachetan-PC" failures="0" tests="1" name="com.Authentcation.BasicAuth" time="3.555" errors="0" timestamp="2022-02-11T16:21:27 IST" skipped="0">
  <testcase classname="com.Authentcation.BasicAuth" name="basicAuth" time="3.555"/>
  <system-out/>
</testsuite> <!-- com.Authentcation.BasicAuth -->
