<?xml version="1.0" encoding="UTF-8"?>
<!-- Generated by org.testng.reporters.JUnitReportReporter -->
<testsuite hostname="navachetan-PC" failures="0" tests="1" name="waysToPostRequest.CreateResourceUsngJSONObjectTest" time="8.610" errors="0" timestamp="2022-02-10T14:39:05 IST" skipped="0">
  <testcase classname="waysToPostRequest.CreateResourceUsngJSONObjectTest" name="create" time="8.610"/>
  <system-out/>
</testsuite> <!-- waysToPostRequest.CreateResourceUsngJSONObjectTest -->
