<?xml version="1.0" encoding="UTF-8"?>
<!-- Generated by org.testng.reporters.JUnitReportReporter -->
<testsuite hostname="navachetan-PC" failures="0" tests="1" name="responseValidation.DynamcResponseValidatonTest" time="8.986" errors="0" timestamp="2022-02-11T06:41:34 IST" skipped="0">
  <testcase classname="responseValidation.DynamcResponseValidatonTest" name="verify" time="8.986"/>
  <system-out/>
</testsuite> <!-- responseValidation.DynamcResponseValidatonTest -->
